16:41:22.373 [TestNG-tests-2] INFO  testCases.TC_001_AccountRegistrationPage - clicked on Register...
16:41:22.468 [TestNG-tests-2] INFO  testCases.TC_001_AccountRegistrationPage - Validating expected message...
16:41:22.469 [TestNG-tests-2] INFO  testCases.TC_001_AccountRegistrationPage - test passed
16:41:22.474 [TestNG-tests-2] INFO  testCases.TC_001_AccountRegistrationPage - **** Test Case finished ******
16:41:22.754 [TestNG-tests-1] INFO  testCases.TC_001_AccountRegistrationPage - clicked on Register...
16:41:22.826 [TestNG-tests-1] INFO  testCases.TC_001_AccountRegistrationPage - Validating expected message...
16:41:22.826 [TestNG-tests-1] INFO  testCases.TC_001_AccountRegistrationPage - test passed
16:41:22.826 [TestNG-tests-1] INFO  testCases.TC_001_AccountRegistrationPage - **** Test Case finished ******
16:45:50.025 [TestNG-tests-1] INFO  testCases.TC_001_AccountRegistrationPage - ***TC_001_AccountRegistrationPage started********
16:45:51.793 [TestNG-tests-1] INFO  testCases.TC_001_AccountRegistrationPage - ***clicked on Register link********
16:45:51.793 [TestNG-tests-1] INFO  testCases.TC_001_AccountRegistrationPage - Entering customer details
16:45:51.941 [TestNG-tests-2] INFO  testCases.TC_001_AccountRegistrationPage - ***TC_001_AccountRegistrationPage started********
16:45:53.419 [TestNG-tests-2] INFO  testCases.TC_001_AccountRegistrationPage - ***clicked on Register link********
16:45:53.419 [TestNG-tests-2] INFO  testCases.TC_001_AccountRegistrationPage - Entering customer details
16:45:56.474 [TestNG-tests-1] INFO  testCases.TC_001_AccountRegistrationPage - clicked on Register...
16:45:56.518 [TestNG-tests-2] INFO  testCases.TC_001_AccountRegistrationPage - clicked on Register...
16:45:56.633 [TestNG-tests-1] INFO  testCases.TC_001_AccountRegistrationPage - Validating expected message...
16:45:56.634 [TestNG-tests-1] INFO  testCases.TC_001_AccountRegistrationPage - test passed
16:45:56.641 [TestNG-tests-1] INFO  testCases.TC_001_AccountRegistrationPage - **** Test Case finished ******
16:45:56.671 [TestNG-tests-2] INFO  testCases.TC_001_AccountRegistrationPage - Validating expected message...
16:45:56.671 [TestNG-tests-2] INFO  testCases.TC_001_AccountRegistrationPage - test passed
16:45:56.671 [TestNG-tests-2] INFO  testCases.TC_001_AccountRegistrationPage - **** Test Case finished ******
16:50:00.772 [TestNG-tests-1] INFO  testCases.TC_001_AccountRegistrationPage - ***TC_001_AccountRegistrationPage started********
16:50:02.699 [TestNG-tests-2] INFO  testCases.TC_001_AccountRegistrationPage - ***TC_001_AccountRegistrationPage started********
16:50:03.372 [TestNG-tests-1] INFO  testCases.TC_001_AccountRegistrationPage - ***clicked on Register link********
16:50:03.373 [TestNG-tests-1] INFO  testCases.TC_001_AccountRegistrationPage - Entering customer details
16:50:04.031 [TestNG-tests-2] INFO  testCases.TC_001_AccountRegistrationPage - ***clicked on Register link********
16:50:04.033 [TestNG-tests-2] INFO  testCases.TC_001_AccountRegistrationPage - Entering customer details
16:50:06.098 [TestNG-tests-1] INFO  testCases.TC_001_AccountRegistrationPage - clicked on Register...
16:50:06.185 [TestNG-tests-1] INFO  testCases.TC_001_AccountRegistrationPage - Validating expected message...
16:50:06.185 [TestNG-tests-1] INFO  testCases.TC_001_AccountRegistrationPage - test passed
16:50:06.190 [TestNG-tests-1] INFO  testCases.TC_001_AccountRegistrationPage - **** Test Case finished ******
16:50:06.598 [TestNG-tests-2] INFO  testCases.TC_001_AccountRegistrationPage - clicked on Register...
16:50:06.814 [TestNG-tests-2] INFO  testCases.TC_001_AccountRegistrationPage - Validating expected message...
16:50:06.814 [TestNG-tests-2] INFO  testCases.TC_001_AccountRegistrationPage - test passed
16:50:06.814 [TestNG-tests-2] INFO  testCases.TC_001_AccountRegistrationPage - **** Test Case finished ******
16:52:02.035 [main] INFO  testCases.TC_001_AccountRegistrationPage - ***TC_001_AccountRegistrationPage started********
16:52:03.043 [main] INFO  testCases.TC_001_AccountRegistrationPage - ***clicked on Register link********
16:52:03.044 [main] INFO  testCases.TC_001_AccountRegistrationPage - Entering customer details
16:52:05.023 [main] INFO  testCases.TC_001_AccountRegistrationPage - clicked on Register...
16:52:05.106 [main] INFO  testCases.TC_001_AccountRegistrationPage - Validating expected message...
16:52:05.106 [main] INFO  testCases.TC_001_AccountRegistrationPage - test passed
16:52:05.110 [main] INFO  testCases.TC_001_AccountRegistrationPage - **** Test Case finished ******
16:52:19.833 [main] INFO  testCases.TC_001_AccountRegistrationPage - ***TC_001_AccountRegistrationPage started********
16:52:21.139 [main] INFO  testCases.TC_001_AccountRegistrationPage - ***clicked on Register link********
16:52:21.140 [main] INFO  testCases.TC_001_AccountRegistrationPage - Entering customer details
16:52:23.831 [main] INFO  testCases.TC_001_AccountRegistrationPage - clicked on Register...
