14:38:03.784 [main] INFO  testCases.TC_002_LoginTest - Entering valid username and password
14:38:05.550 [main] INFO  testCases.TC_002_LoginTest - Clicked on login button
14:38:06.307 [main] INFO  testCases.TC_002_LoginTest - LoginTest finished........
14:42:15.266 [main] INFO  testCases.TC_002_LoginTest - ***Test Case Started***
14:42:16.430 [main] INFO  testCases.TC_002_LoginTest - Clicked on the login link
14:42:16.435 [main] INFO  testCases.TC_002_LoginTest - Entering valid username and password
14:42:17.966 [main] INFO  testCases.TC_002_LoginTest - Clicked on login button
14:42:18.853 [main] INFO  testCases.TC_002_LoginTest - Clicked on the MyAccount  link
14:42:18.964 [main] INFO  testCases.TC_002_LoginTest - LoginTest finished........
14:46:48.911 [main] INFO  testCases.TC_002_LoginTest - ***Test Case Started***
14:46:50.772 [main] INFO  testCases.TC_002_LoginTest - Clicked on the login link
14:46:50.780 [main] INFO  testCases.TC_002_LoginTest - Entering valid username and password
14:46:52.151 [main] INFO  testCases.TC_002_LoginTest - Clicked on login button
14:46:52.908 [main] INFO  testCases.TC_002_LoginTest - Clicked on the MyAccount  link
14:46:53.020 [main] INFO  testCases.TC_002_LoginTest - LoginTest finished........
14:47:59.612 [main] INFO  testCases.TC_002_LoginTest - ***Test Case Started***
14:48:00.572 [main] INFO  testCases.TC_002_LoginTest - Clicked on the login link
14:48:00.576 [main] INFO  testCases.TC_002_LoginTest - Entering valid username and password
14:48:02.024 [main] INFO  testCases.TC_002_LoginTest - Clicked on login button
14:48:02.739 [main] INFO  testCases.TC_002_LoginTest - Clicked on the MyAccount  link
14:48:02.887 [main] INFO  testCases.TC_002_LoginTest - LoginTest finished........
